2025-08-24 17:42:05,822 - TemperatureController - INFO - Controller initialized. Target: 300.0K, Stability time: 15.0s
2025-08-24 17:42:06,149 - TemperatureController - INFO - Temperature has entered stability range around 300.0K. Starting timer.
2025-08-24 17:42:14,153 - TemperatureController - INFO - Temperature left stability range. Resetting timer. Current temp: 299.2660K
2025-08-24 17:42:17,154 - TemperatureController - INFO - Temperature has entered stability range around 300.0K. Starting timer.
2025-08-24 17:42:32,161 - TemperatureController - INFO - System is now stable at 300.0K.
2025-08-24 17:42:32,161 - TemperatureController - INFO - Executing post-stabilization measurement/action.
2025-08-24 17:42:37,519 - TemperatureController - INFO - Update requested by user. Will switch to next setpoint when stable.
2025-08-24 17:42:38,167 - TemperatureController - INFO - Switching to next setpoint: 295.0K, Stability time: 15.0s
2025-08-24 17:42:43,170 - TemperatureController - INFO - Temperature has entered stability range around 295.0K. Starting timer.
2025-08-24 17:42:58,177 - TemperatureController - INFO - System is now stable at 295.0K.
2025-08-24 17:42:58,177 - TemperatureController - INFO - Executing post-stabilization measurement/action.
2025-08-24 17:43:04,556 - TemperatureController - INFO - Update requested by user. Will switch to next setpoint when stable.
2025-08-24 17:43:05,180 - TemperatureController - INFO - Switching to next setpoint: 290.0K, Stability time: 15.0s
2025-08-24 17:43:10,182 - TemperatureController - INFO - Temperature has entered stability range around 290.0K. Starting timer.
2025-08-24 17:43:25,189 - TemperatureController - INFO - System is now stable at 290.0K.
2025-08-24 17:43:25,189 - TemperatureController - INFO - Executing post-stabilization measurement/action.
2025-08-24 17:43:26,943 - TemperatureController - INFO - Update requested by user. Will switch to next setpoint when stable.
2025-08-24 17:43:27,190 - TemperatureController - INFO - All setpoints have been processed.
2025-08-24 17:43:28,191 - TemperatureController - INFO - All setpoints have been processed.
2025-08-24 17:43:29,192 - TemperatureController - INFO - Temperature left stability range. Resetting timer. Current temp: 289.4329K
2025-08-24 17:43:30,193 - TemperatureController - INFO - Temperature has entered stability range around 290.0K. Starting timer.
