2025-09-14 20:46:29,700 - TemperatureController - WARNING - 文件 F:\Lab\Lab-Protocol\config.csv 未找到，使用默认参数
2025-09-14 20:46:29,700 - TemperatureController - INFO - 当前温度点为：300K
2025-09-14 20:46:29,700 - TemperatureController - INFO - 稳定时间为：10秒
2025-09-14 20:46:29,758 - TemperatureController - INFO - 当前开始稳定计时
2025-09-14 20:46:40,410 - TemperatureController - INFO - 当前稳定
2025-09-14 20:46:40,410 - TemperatureController - INFO - 执行稳定后的测量操作
2025-09-14 20:46:43,412 - TemperatureController - INFO - 当前不稳定，299.3877988309056K
2025-09-14 20:46:44,413 - TemperatureController - INFO - 当前不稳定，299.4878600510225K
2025-09-14 20:46:45,422 - TemperatureController - INFO - 当前开始稳定计时
2025-09-14 20:46:56,414 - TemperatureController - INFO - 当前稳定
2025-09-14 20:46:56,415 - TemperatureController - INFO - 执行稳定后的测量操作
2025-09-14 20:46:59,991 - TemperatureController - INFO - 收到更新指令，准备切换到下一个设定点
2025-09-14 20:47:00,408 - TemperatureController - INFO - 更新当前温度点为：298K
2025-09-14 20:47:00,408 - TemperatureController - INFO - 更新稳定时间为：10秒
2025-09-14 20:47:01,419 - TemperatureController - INFO - 当前开始稳定计时
2025-09-14 20:47:11,426 - TemperatureController - INFO - 当前稳定
2025-09-14 20:47:11,426 - TemperatureController - INFO - 执行稳定后的测量操作
2025-09-14 20:47:43,436 - TemperatureController - INFO - 当前不稳定，297.4667109107747K
2025-09-14 20:47:44,424 - TemperatureController - INFO - 当前开始稳定计时
2025-09-14 20:47:54,430 - TemperatureController - INFO - 当前稳定
2025-09-14 20:47:54,431 - TemperatureController - INFO - 执行稳定后的测量操作
2025-09-14 20:48:00,987 - TemperatureController - INFO - 收到更新指令，准备切换到下一个设定点
2025-09-14 20:48:01,437 - TemperatureController - INFO - 更新当前温度点为：295K
2025-09-14 20:48:01,437 - TemperatureController - INFO - 更新稳定时间为：10秒
2025-09-14 20:48:02,429 - TemperatureController - INFO - 当前开始稳定计时
2025-09-14 20:48:12,436 - TemperatureController - INFO - 当前稳定
2025-09-14 20:48:12,437 - TemperatureController - INFO - 执行稳定后的测量操作
2025-09-14 20:53:54,284 - TemperatureController - INFO - 收到更新指令，准备切换到下一个设定点
2025-09-14 20:53:54,426 - TemperatureController - INFO - 当前已完成所有
